2024-08-12 00:45:19,333 INFO o.a.j.l.DirectJDKLog [http-nio-8080-exec-2] Initializing Spring DispatcherServlet 'dispatcherServlet'
2024-08-12 00:45:19,364 INFO o.s.w.s.FrameworkServlet [http-nio-8080-exec-2] Initializing Servlet 'dispatcherServlet'
2024-08-12 00:45:19,366 INFO o.s.w.s.FrameworkServlet [http-nio-8080-exec-2] Completed initialization in 2 ms
2024-08-12 00:45:19,366 DEBUG o.s.s.w.FilterChainProxy [http-nio-8080-exec-2] Securing GET /api/favorites/2
2024-08-12 00:45:19,370 DEBUG o.s.s.w.a.AnonymousAuthenticationFilter [http-nio-8080-exec-2] Set SecurityContextHolder to anonymous SecurityContext
2024-08-12 00:45:19,372 DEBUG o.s.s.w.FilterChainProxy [http-nio-8080-exec-2] Secured GET /api/favorites/2
2024-08-12 00:45:19,633 DEBUG o.s.s.w.FilterChainProxy [http-nio-8080-exec-1] Securing GET /api/favorites/2
2024-08-12 00:45:19,636 DEBUG o.s.s.w.a.AnonymousAuthenticationFilter [http-nio-8080-exec-1] Set SecurityContextHolder to anonymous SecurityContext
2024-08-12 00:45:19,637 DEBUG o.s.s.w.FilterChainProxy [http-nio-8080-exec-1] Secured GET /api/favorites/2
2024-08-12 00:45:19,638 DEBUG o.s.s.w.FilterChainProxy [http-nio-8080-exec-3] Securing GET /api/properties/details/5
2024-08-12 00:45:19,640 DEBUG o.s.s.w.FilterChainProxy [http-nio-8080-exec-4] Securing GET /api/properties/details/3
2024-08-12 00:45:19,640 DEBUG o.s.s.w.a.AnonymousAuthenticationFilter [http-nio-8080-exec-3] Set SecurityContextHolder to anonymous SecurityContext
2024-08-12 00:45:19,640 DEBUG o.s.s.w.a.AnonymousAuthenticationFilter [http-nio-8080-exec-4] Set SecurityContextHolder to anonymous SecurityContext
2024-08-12 00:45:19,640 DEBUG o.s.s.w.FilterChainProxy [http-nio-8080-exec-3] Secured GET /api/properties/details/5
2024-08-12 00:45:19,640 DEBUG o.s.s.w.FilterChainProxy [http-nio-8080-exec-4] Secured GET /api/properties/details/3
2024-08-12 00:45:19,734 DEBUG o.s.s.w.FilterChainProxy [http-nio-8080-exec-6] Securing GET /api/properties/details/3
2024-08-12 00:45:19,734 DEBUG o.s.s.w.FilterChainProxy [http-nio-8080-exec-5] Securing GET /api/properties/details/5
2024-08-12 00:45:19,734 DEBUG o.s.s.w.a.AnonymousAuthenticationFilter [http-nio-8080-exec-5] Set SecurityContextHolder to anonymous SecurityContext
2024-08-12 00:45:19,734 DEBUG o.s.s.w.a.AnonymousAuthenticationFilter [http-nio-8080-exec-6] Set SecurityContextHolder to anonymous SecurityContext
2024-08-12 00:45:19,749 DEBUG o.s.s.w.FilterChainProxy [http-nio-8080-exec-6] Secured GET /api/properties/details/3
2024-08-12 00:45:19,749 DEBUG o.s.s.w.FilterChainProxy [http-nio-8080-exec-5] Secured GET /api/properties/details/5
2024-08-12 09:25:18,206 INFO o.s.b.StartupInfoLogger [restartedMain] Starting QuizspringApplication using Java 17.0.10 with PID 18004 (D:\SDP\Real_Estate_Management\Spring-Security-Template-V4-main\target\classes started by VISHWADEEP in D:\SDP\Real_Estate_Management\Spring-Security-Template-V4-main)
2024-08-12 09:25:18,212 INFO o.s.b.SpringApplication [restartedMain] No active profile set, falling back to 1 default profile: "default"
2024-08-12 09:25:18,300 INFO o.s.b.l.DeferredLog [restartedMain] Devtools property defaults active! Set 'spring.devtools.add-properties' to 'false' to disable
2024-08-12 09:25:18,302 INFO o.s.b.l.DeferredLog [restartedMain] For additional web related logging consider setting the 'logging.level.web' property to 'DEBUG'
2024-08-12 09:25:21,181 INFO o.s.d.r.c.RepositoryConfigurationDelegate [restartedMain] Bootstrapping Spring Data JPA repositories in DEFAULT mode.
2024-08-12 09:25:21,341 INFO o.s.d.r.c.RepositoryConfigurationDelegate [restartedMain] Finished Spring Data repository scanning in 143 ms. Found 6 JPA repository interfaces.
2024-08-12 09:25:22,911 INFO o.s.b.w.e.t.TomcatWebServer [restartedMain] Tomcat initialized with port 8080 (http)
2024-08-12 09:25:22,931 INFO o.a.j.l.DirectJDKLog [restartedMain] Initializing ProtocolHandler ["http-nio-8080"]
2024-08-12 09:25:22,937 INFO o.a.j.l.DirectJDKLog [restartedMain] Starting service [Tomcat]
2024-08-12 09:25:22,938 INFO o.a.j.l.DirectJDKLog [restartedMain] Starting Servlet engine: [Apache Tomcat/10.1.26]
2024-08-12 09:25:23,067 INFO o.a.j.l.DirectJDKLog [restartedMain] Initializing Spring embedded WebApplicationContext
2024-08-12 09:25:23,071 INFO o.s.b.w.s.c.ServletWebServerApplicationContext [restartedMain] Root WebApplicationContext: initialization completed in 4765 ms
2024-08-12 09:25:23,348 INFO o.h.j.i.u.LogHelper [restartedMain] HHH000204: Processing PersistenceUnitInfo [name: default]
2024-08-12 09:25:23,509 INFO o.h.Version [restartedMain] HHH000412: Hibernate ORM core version 6.5.2.Final
2024-08-12 09:25:23,611 INFO o.h.c.i.RegionFactoryInitiator [restartedMain] HHH000026: Second-level cache disabled
2024-08-12 09:25:24,601 INFO o.s.o.j.p.SpringPersistenceUnitInfo [restartedMain] No LoadTimeWeaver setup: ignoring JPA class transformer
2024-08-12 09:25:24,750 INFO c.z.h.HikariDataSource [restartedMain] HikariPool-1 - Starting...
2024-08-12 09:25:26,219 INFO c.z.h.p.HikariPool [restartedMain] HikariPool-1 - Added connection com.mysql.cj.jdbc.ConnectionImpl@46cb717f
2024-08-12 09:25:26,231 INFO c.z.h.HikariDataSource [restartedMain] HikariPool-1 - Start completed.
2024-08-12 09:25:26,578 WARN o.h.e.j.d.i.DialectFactoryImpl [restartedMain] HHH90000025: MySQLDialect does not need to be specified explicitly using 'hibernate.dialect' (remove the property setting and it will be selected by default)
2024-08-12 09:25:30,365 INFO o.h.e.t.j.p.i.JtaPlatformInitiator [restartedMain] HHH000489: No JTA platform available (set 'hibernate.transaction.jta.platform' to enable JTA platform integration)
2024-08-12 09:25:30,967 WARN o.h.t.s.i.ExceptionHandlerLoggedImpl [restartedMain] GenerationTarget encountered exception accepting command : Error executing DDL "
    alter table properties 
       modify column img tinytext" via JDBC [Data truncation: Data too long for column 'img' at row 1]
org.hibernate.tool.schema.spi.CommandAcceptanceException: Error executing DDL "
    alter table properties 
       modify column img tinytext" via JDBC [Data truncation: Data too long for column 'img' at row 1]
	at org.hibernate.tool.schema.internal.exec.GenerationTargetToDatabase.accept(GenerationTargetToDatabase.java:94)
	at org.hibernate.tool.schema.internal.AbstractSchemaMigrator.applySqlString(AbstractSchemaMigrator.java:575)
	at org.hibernate.tool.schema.internal.AbstractSchemaMigrator.applySqlStrings(AbstractSchemaMigrator.java:515)
	at org.hibernate.tool.schema.internal.AbstractSchemaMigrator.migrateTable(AbstractSchemaMigrator.java:333)
	at org.hibernate.tool.schema.internal.GroupedSchemaMigratorImpl.performTablesMigration(GroupedSchemaMigratorImpl.java:84)
	at org.hibernate.tool.schema.internal.AbstractSchemaMigrator.performMigration(AbstractSchemaMigrator.java:232)
	at org.hibernate.tool.schema.internal.AbstractSchemaMigrator.doMigration(AbstractSchemaMigrator.java:117)
	at org.hibernate.tool.schema.spi.SchemaManagementToolCoordinator.performDatabaseAction(SchemaManagementToolCoordinator.java:280)
	at org.hibernate.tool.schema.spi.SchemaManagementToolCoordinator.lambda$process$5(SchemaManagementToolCoordinator.java:144)
	at java.base/java.util.HashMap.forEach(HashMap.java:1421)
	at org.hibernate.tool.schema.spi.SchemaManagementToolCoordinator.process(SchemaManagementToolCoordinator.java:141)
	at org.hibernate.boot.internal.SessionFactoryObserverForSchemaExport.sessionFactoryCreated(SessionFactoryObserverForSchemaExport.java:37)
	at org.hibernate.internal.SessionFactoryObserverChain.sessionFactoryCreated(SessionFactoryObserverChain.java:35)
	at org.hibernate.internal.SessionFactoryImpl.<init>(SessionFactoryImpl.java:322)
	at org.hibernate.boot.internal.SessionFactoryBuilderImpl.build(SessionFactoryBuilderImpl.java:457)
	at org.hibernate.jpa.boot.internal.EntityManagerFactoryBuilderImpl.build(EntityManagerFactoryBuilderImpl.java:1506)
	at org.springframework.orm.jpa.vendor.SpringHibernateJpaPersistenceProvider.createContainerEntityManagerFactory(SpringHibernateJpaPersistenceProvider.java:75)
	at org.springframework.orm.jpa.LocalContainerEntityManagerFactoryBean.createNativeEntityManagerFactory(LocalContainerEntityManagerFactoryBean.java:390)
	at org.springframework.orm.jpa.AbstractEntityManagerFactoryBean.buildNativeEntityManagerFactory(AbstractEntityManagerFactoryBean.java:409)
	at org.springframework.orm.jpa.AbstractEntityManagerFactoryBean.afterPropertiesSet(AbstractEntityManagerFactoryBean.java:396)
	at org.springframework.orm.jpa.LocalContainerEntityManagerFactoryBean.afterPropertiesSet(LocalContainerEntityManagerFactoryBean.java:366)
	at org.springframework.beans.factory.support.AbstractAutowireCapableBeanFactory.invokeInitMethods(AbstractAutowireCapableBeanFactory.java:1853)
	at org.springframework.beans.factory.support.AbstractAutowireCapableBeanFactory.initializeBean(AbstractAutowireCapableBeanFactory.java:1802)
	at org.springframework.beans.factory.support.AbstractAutowireCapableBeanFactory.doCreateBean(AbstractAutowireCapableBeanFactory.java:600)
	at org.springframework.beans.factory.support.AbstractAutowireCapableBeanFactory.createBean(AbstractAutowireCapableBeanFactory.java:522)
	at org.springframework.beans.factory.support.AbstractBeanFactory.lambda$doGetBean$0(AbstractBeanFactory.java:337)
	at org.springframework.beans.factory.support.DefaultSingletonBeanRegistry.getSingleton(DefaultSingletonBeanRegistry.java:234)
	at org.springframework.beans.factory.support.AbstractBeanFactory.doGetBean(AbstractBeanFactory.java:335)
	at org.springframework.beans.factory.support.AbstractBeanFactory.getBean(AbstractBeanFactory.java:200)
	at org.springframework.beans.factory.support.BeanDefinitionValueResolver.resolveReference(BeanDefinitionValueResolver.java:365)
	at org.springframework.beans.factory.support.BeanDefinitionValueResolver.resolveValueIfNecessary(BeanDefinitionValueResolver.java:135)
	at org.springframework.beans.factory.support.ConstructorResolver.resolveConstructorArguments(ConstructorResolver.java:682)
	at org.springframework.beans.factory.support.ConstructorResolver.instantiateUsingFactoryMethod(ConstructorResolver.java:509)
	at org.springframework.beans.factory.support.AbstractAutowireCapableBeanFactory.instantiateUsingFactoryMethod(AbstractAutowireCapableBeanFactory.java:1355)
	at org.springframework.beans.factory.support.AbstractAutowireCapableBeanFactory.createBeanInstance(AbstractAutowireCapableBeanFactory.java:1185)
	at org.springframework.beans.factory.support.AbstractAutowireCapableBeanFactory.doCreateBean(AbstractAutowireCapableBeanFactory.java:562)
	at org.springframework.beans.factory.support.AbstractAutowireCapableBeanFactory.createBean(AbstractAutowireCapableBeanFactory.java:522)
	at org.springframework.beans.factory.support.AbstractBeanFactory.lambda$doGetBean$0(AbstractBeanFactory.java:337)
	at org.springframework.beans.factory.support.DefaultSingletonBeanRegistry.getSingleton(DefaultSingletonBeanRegistry.java:234)
	at org.springframework.beans.factory.support.AbstractBeanFactory.doGetBean(AbstractBeanFactory.java:335)
	at org.springframework.beans.factory.support.AbstractBeanFactory.getBean(AbstractBeanFactory.java:200)
	at org.springframework.beans.factory.support.BeanDefinitionValueResolver.resolveReference(BeanDefinitionValueResolver.java:365)
	at org.springframework.beans.factory.support.BeanDefinitionValueResolver.resolveValueIfNecessary(BeanDefinitionValueResolver.java:135)
	at org.springframework.beans.factory.support.AbstractAutowireCapableBeanFactory.applyPropertyValues(AbstractAutowireCapableBeanFactory.java:1705)
	at org.springframework.beans.factory.support.AbstractAutowireCapableBeanFactory.populateBean(AbstractAutowireCapableBeanFactory.java:1454)
	at org.springframework.beans.factory.support.AbstractAutowireCapableBeanFactory.doCreateBean(AbstractAutowireCapableBeanFactory.java:599)
	at org.springframework.beans.factory.support.AbstractAutowireCapableBeanFactory.createBean(AbstractAutowireCapableBeanFactory.java:522)
	at org.springframework.beans.factory.support.AbstractBeanFactory.lambda$doGetBean$0(AbstractBeanFactory.java:337)
	at org.springframework.beans.factory.support.DefaultSingletonBeanRegistry.getSingleton(DefaultSingletonBeanRegistry.java:234)
	at org.springframework.beans.factory.support.AbstractBeanFactory.doGetBean(AbstractBeanFactory.java:335)
	at org.springframework.beans.factory.support.AbstractBeanFactory.getBean(AbstractBeanFactory.java:200)
	at org.springframework.beans.factory.config.DependencyDescriptor.resolveCandidate(DependencyDescriptor.java:254)
	at org.springframework.beans.factory.support.DefaultListableBeanFactory.doResolveDependency(DefaultListableBeanFactory.java:1443)
	at org.springframework.beans.factory.support.DefaultListableBeanFactory.resolveDependency(DefaultListableBeanFactory.java:1353)
	at org.springframework.beans.factory.support.ConstructorResolver.resolveAutowiredArgument(ConstructorResolver.java:904)
	at org.springframework.beans.factory.support.ConstructorResolver.createArgumentArray(ConstructorResolver.java:782)
	at org.springframework.beans.factory.support.ConstructorResolver.autowireConstructor(ConstructorResolver.java:237)
	at org.springframework.beans.factory.support.AbstractAutowireCapableBeanFactory.autowireConstructor(AbstractAutowireCapableBeanFactory.java:1375)
	at org.springframework.beans.factory.support.AbstractAutowireCapableBeanFactory.createBeanInstance(AbstractAutowireCapableBeanFactory.java:1212)
	at org.springframework.beans.factory.support.AbstractAutowireCapableBeanFactory.doCreateBean(AbstractAutowireCapableBeanFactory.java:562)
	at org.springframework.beans.factory.support.AbstractAutowireCapableBeanFactory.createBean(AbstractAutowireCapableBeanFactory.java:522)
	at org.springframework.beans.factory.support.AbstractBeanFactory.lambda$doGetBean$0(AbstractBeanFactory.java:337)
	at org.springframework.beans.factory.support.DefaultSingletonBeanRegistry.getSingleton(DefaultSingletonBeanRegistry.java:234)
	at org.springframework.beans.factory.support.AbstractBeanFactory.doGetBean(AbstractBeanFactory.java:335)
	at org.springframework.beans.factory.support.AbstractBeanFactory.getBean(AbstractBeanFactory.java:200)
	at org.springframework.beans.factory.support.ConstructorResolver.instantiateUsingFactoryMethod(ConstructorResolver.java:409)
	at org.springframework.beans.factory.support.AbstractAutowireCapableBeanFactory.instantiateUsingFactoryMethod(AbstractAutowireCapableBeanFactory.java:1355)
	at org.springframework.beans.factory.support.AbstractAutowireCapableBeanFactory.createBeanInstance(AbstractAutowireCapableBeanFactory.java:1185)
	at org.springframework.beans.factory.support.AbstractAutowireCapableBeanFactory.doCreateBean(AbstractAutowireCapableBeanFactory.java:562)
	at org.springframework.beans.factory.support.AbstractAutowireCapableBeanFactory.createBean(AbstractAutowireCapableBeanFactory.java:522)
	at org.springframework.beans.factory.support.AbstractBeanFactory.lambda$doGetBean$0(AbstractBeanFactory.java:337)
	at org.springframework.beans.factory.support.DefaultSingletonBeanRegistry.getSingleton(DefaultSingletonBeanRegistry.java:234)
	at org.springframework.beans.factory.support.AbstractBeanFactory.doGetBean(AbstractBeanFactory.java:335)
	at org.springframework.beans.factory.support.AbstractBeanFactory.getBean(AbstractBeanFactory.java:200)
	at org.springframework.beans.factory.config.DependencyDescriptor.resolveCandidate(DependencyDescriptor.java:254)
	at org.springframework.beans.factory.support.DefaultListableBeanFactory.doResolveDependency(DefaultListableBeanFactory.java:1443)
	at org.springframework.beans.factory.support.DefaultListableBeanFactory.resolveDependency(DefaultListableBeanFactory.java:1353)
	at org.springframework.beans.factory.support.ConstructorResolver.resolveAutowiredArgument(ConstructorResolver.java:904)
	at org.springframework.beans.factory.support.ConstructorResolver.createArgumentArray(ConstructorResolver.java:782)
	at org.springframework.beans.factory.support.ConstructorResolver.autowireConstructor(ConstructorResolver.java:237)
	at org.springframework.beans.factory.support.AbstractAutowireCapableBeanFactory.autowireConstructor(AbstractAutowireCapableBeanFactory.java:1375)
	at org.springframework.beans.factory.support.AbstractAutowireCapableBeanFactory.createBeanInstance(AbstractAutowireCapableBeanFactory.java:1212)
	at org.springframework.beans.factory.support.AbstractAutowireCapableBeanFactory.doCreateBean(AbstractAutowireCapableBeanFactory.java:562)
	at org.springframework.beans.factory.support.AbstractAutowireCapableBeanFactory.createBean(AbstractAutowireCapableBeanFactory.java:522)
	at org.springframework.beans.factory.support.AbstractBeanFactory.lambda$doGetBean$0(AbstractBeanFactory.java:337)
	at org.springframework.beans.factory.support.DefaultSingletonBeanRegistry.getSingleton(DefaultSingletonBeanRegistry.java:234)
	at org.springframework.beans.factory.support.AbstractBeanFactory.doGetBean(AbstractBeanFactory.java:335)
	at org.springframework.beans.factory.support.AbstractBeanFactory.getBean(AbstractBeanFactory.java:205)
	at org.springframework.boot.web.servlet.ServletContextInitializerBeans.getOrderedBeansOfType(ServletContextInitializerBeans.java:211)
	at org.springframework.boot.web.servlet.ServletContextInitializerBeans.addAsRegistrationBean(ServletContextInitializerBeans.java:174)
	at org.springframework.boot.web.servlet.ServletContextInitializerBeans.addAsRegistrationBean(ServletContextInitializerBeans.java:169)
	at org.springframework.boot.web.servlet.ServletContextInitializerBeans.addAdaptableBeans(ServletContextInitializerBeans.java:154)
	at org.springframework.boot.web.servlet.ServletContextInitializerBeans.<init>(ServletContextInitializerBeans.java:87)
	at org.springframework.boot.web.servlet.context.ServletWebServerApplicationContext.getServletContextInitializerBeans(ServletWebServerApplicationContext.java:266)
	at org.springframework.boot.web.servlet.context.ServletWebServerApplicationContext.selfInitialize(ServletWebServerApplicationContext.java:240)
	at org.springframework.boot.web.embedded.tomcat.TomcatStarter.onStartup(TomcatStarter.java:52)
	at org.apache.catalina.core.StandardContext.startInternal(StandardContext.java:4414)
	at org.apache.catalina.util.LifecycleBase.start(LifecycleBase.java:164)
	at org.apache.catalina.core.ContainerBase$StartChild.call(ContainerBase.java:1203)
	at org.apache.catalina.core.ContainerBase$StartChild.call(ContainerBase.java:1193)
	at java.base/java.util.concurrent.FutureTask.run(FutureTask.java:264)
	at org.apache.tomcat.util.threads.InlineExecutorService.execute(InlineExecutorService.java:75)
	at java.base/java.util.concurrent.AbstractExecutorService.submit(AbstractExecutorService.java:145)
	at org.apache.catalina.core.ContainerBase.startInternal(ContainerBase.java:749)
	at org.apache.catalina.core.StandardHost.startInternal(StandardHost.java:772)
	at org.apache.catalina.util.LifecycleBase.start(LifecycleBase.java:164)
	at org.apache.catalina.core.ContainerBase$StartChild.call(ContainerBase.java:1203)
	at org.apache.catalina.core.ContainerBase$StartChild.call(ContainerBase.java:1193)
	at java.base/java.util.concurrent.FutureTask.run(FutureTask.java:264)
	at org.apache.tomcat.util.threads.InlineExecutorService.execute(InlineExecutorService.java:75)
	at java.base/java.util.concurrent.AbstractExecutorService.submit(AbstractExecutorService.java:145)
	at org.apache.catalina.core.ContainerBase.startInternal(ContainerBase.java:749)
	at org.apache.catalina.core.StandardEngine.startInternal(StandardEngine.java:203)
	at org.apache.catalina.util.LifecycleBase.start(LifecycleBase.java:164)
	at org.apache.catalina.core.StandardService.startInternal(StandardService.java:415)
	at org.apache.catalina.util.LifecycleBase.start(LifecycleBase.java:164)
	at org.apache.catalina.core.StandardServer.startInternal(StandardServer.java:874)
	at org.apache.catalina.util.LifecycleBase.start(LifecycleBase.java:164)
	at org.apache.catalina.startup.Tomcat.start(Tomcat.java:437)
	at org.springframework.boot.web.embedded.tomcat.TomcatWebServer.initialize(TomcatWebServer.java:128)
	at org.springframework.boot.web.embedded.tomcat.TomcatWebServer.<init>(TomcatWebServer.java:107)
	at org.springframework.boot.web.embedded.tomcat.TomcatServletWebServerFactory.getTomcatWebServer(TomcatServletWebServerFactory.java:516)
	at org.springframework.boot.web.embedded.tomcat.TomcatServletWebServerFactory.getWebServer(TomcatServletWebServerFactory.java:222)
	at org.springframework.boot.web.servlet.context.ServletWebServerApplicationContext.createWebServer(ServletWebServerApplicationContext.java:188)
	at org.springframework.boot.web.servlet.context.ServletWebServerApplicationContext.onRefresh(ServletWebServerApplicationContext.java:162)
	at org.springframework.context.support.AbstractApplicationContext.refresh(AbstractApplicationContext.java:619)
	at org.springframework.boot.web.servlet.context.ServletWebServerApplicationContext.refresh(ServletWebServerApplicationContext.java:146)
	at org.springframework.boot.SpringApplication.refresh(SpringApplication.java:754)
	at org.springframework.boot.SpringApplication.refreshContext(SpringApplication.java:456)
	at org.springframework.boot.SpringApplication.run(SpringApplication.java:335)
	at org.springframework.boot.SpringApplication.run(SpringApplication.java:1363)
	at org.springframework.boot.SpringApplication.run(SpringApplication.java:1352)
	at com.max.quizspring.QuizspringApplication.main(QuizspringApplication.java:10)
	at java.base/jdk.internal.reflect.NativeMethodAccessorImpl.invoke0(Native Method)
	at java.base/jdk.internal.reflect.NativeMethodAccessorImpl.invoke(NativeMethodAccessorImpl.java:77)
	at java.base/jdk.internal.reflect.DelegatingMethodAccessorImpl.invoke(DelegatingMethodAccessorImpl.java:43)
	at java.base/java.lang.reflect.Method.invoke(Method.java:568)
	at org.springframework.boot.devtools.restart.RestartLauncher.run(RestartLauncher.java:50)
Caused by: com.mysql.cj.jdbc.exceptions.MysqlDataTruncation: Data truncation: Data too long for column 'img' at row 1
	at com.mysql.cj.jdbc.exceptions.SQLExceptionsMapping.translateException(SQLExceptionsMapping.java:104)
	at com.mysql.cj.jdbc.StatementImpl.executeInternal(StatementImpl.java:770)
	at com.mysql.cj.jdbc.StatementImpl.execute(StatementImpl.java:653)
	at com.zaxxer.hikari.pool.ProxyStatement.execute(ProxyStatement.java:94)
	at com.zaxxer.hikari.pool.HikariProxyStatement.execute(HikariProxyStatement.java)
	at org.hibernate.tool.schema.internal.exec.GenerationTargetToDatabase.accept(GenerationTargetToDatabase.java:80)
	... 137 common frames omitted
2024-08-12 09:25:31,146 INFO o.s.o.j.AbstractEntityManagerFactoryBean [restartedMain] Initialized JPA EntityManagerFactory for persistence unit 'default'
2024-08-12 09:25:32,478 INFO o.s.s.c.a.a.c.InitializeUserDetailsBeanManagerConfigurer$InitializeUserDetailsManagerConfigurer [restartedMain] Global AuthenticationManager configured with UserDetailsService bean with name userDetailsService
2024-08-12 09:25:32,903 WARN o.s.b.a.o.j.JpaBaseConfiguration$JpaWebConfiguration [restartedMain] spring.jpa.open-in-view is enabled by default. Therefore, database queries may be performed during view rendering. Explicitly configure spring.jpa.open-in-view to disable this warning
2024-08-12 09:25:34,094 DEBUG o.s.s.w.DefaultSecurityFilterChain [restartedMain] Will secure any request with filters: DisableEncodeUrlFilter, WebAsyncManagerIntegrationFilter, SecurityContextHolderFilter, HeaderWriterFilter, CorsFilter, LogoutFilter, JwtAuthenticationFilter, RequestCacheAwareFilter, SecurityContextHolderAwareRequestFilter, AnonymousAuthenticationFilter, SessionManagementFilter, ExceptionTranslationFilter, AuthorizationFilter
2024-08-12 09:25:34,967 INFO o.s.b.d.a.OptionalLiveReloadServer [restartedMain] LiveReload server is running on port 35729
2024-08-12 09:25:35,031 INFO o.a.j.l.DirectJDKLog [restartedMain] Starting ProtocolHandler ["http-nio-8080"]
2024-08-12 09:25:35,115 INFO o.s.b.w.e.t.TomcatWebServer [restartedMain] Tomcat started on port 8080 (http) with context path '/'
2024-08-12 09:25:35,144 INFO o.s.b.StartupInfoLogger [restartedMain] Started QuizspringApplication in 18.154 seconds (process running for 19.453)
2024-08-12 09:27:16,188 INFO o.a.j.l.DirectJDKLog [http-nio-8080-exec-3] Initializing Spring DispatcherServlet 'dispatcherServlet'
2024-08-12 09:27:16,191 INFO o.s.w.s.FrameworkServlet [http-nio-8080-exec-3] Initializing Servlet 'dispatcherServlet'
2024-08-12 09:27:16,195 INFO o.s.w.s.FrameworkServlet [http-nio-8080-exec-3] Completed initialization in 4 ms
2024-08-12 09:27:16,266 DEBUG o.s.s.w.FilterChainProxy [http-nio-8080-exec-3] Securing OPTIONS /api/auth/login
2024-08-12 09:27:16,331 DEBUG o.s.s.w.FilterChainProxy [http-nio-8080-exec-2] Securing POST /api/auth/login
2024-08-12 09:27:16,349 DEBUG o.s.s.w.a.AnonymousAuthenticationFilter [http-nio-8080-exec-2] Set SecurityContextHolder to anonymous SecurityContext
2024-08-12 09:27:16,351 DEBUG o.s.s.w.FilterChainProxy [http-nio-8080-exec-2] Secured POST /api/auth/login
2024-08-12 09:27:17,241 DEBUG o.s.s.a.d.AbstractUserDetailsAuthenticationProvider [http-nio-8080-exec-2] Authenticated user
2024-08-12 09:27:20,727 DEBUG o.s.s.w.FilterChainProxy [http-nio-8080-exec-1] Securing GET /api/properties/chennai
2024-08-12 09:27:20,731 DEBUG o.s.s.w.a.AnonymousAuthenticationFilter [http-nio-8080-exec-1] Set SecurityContextHolder to anonymous SecurityContext
2024-08-12 09:27:20,731 DEBUG o.s.s.w.FilterChainProxy [http-nio-8080-exec-1] Secured GET /api/properties/chennai
2024-08-12 09:27:20,883 DEBUG o.s.s.w.FilterChainProxy [http-nio-8080-exec-4] Securing GET /api/properties/chennai
2024-08-12 09:27:20,885 DEBUG o.s.s.w.a.AnonymousAuthenticationFilter [http-nio-8080-exec-4] Set SecurityContextHolder to anonymous SecurityContext
2024-08-12 09:27:20,888 DEBUG o.s.s.w.FilterChainProxy [http-nio-8080-exec-4] Secured GET /api/properties/chennai
2024-08-12 09:27:20,899 DEBUG o.s.s.w.FilterChainProxy [http-nio-8080-exec-7] Securing GET /api/agents/3
2024-08-12 09:27:20,904 DEBUG o.s.s.w.a.AnonymousAuthenticationFilter [http-nio-8080-exec-7] Set SecurityContextHolder to anonymous SecurityContext
2024-08-12 09:27:20,906 DEBUG o.s.s.w.FilterChainProxy [http-nio-8080-exec-7] Secured GET /api/agents/3
2024-08-12 09:27:21,290 DEBUG o.s.s.w.FilterChainProxy [http-nio-8080-exec-5] Securing GET /api/agents/3
2024-08-12 09:27:21,290 DEBUG o.s.s.w.FilterChainProxy [http-nio-8080-exec-9] Securing GET /api/agents/3
2024-08-12 09:27:21,290 DEBUG o.s.s.w.FilterChainProxy [http-nio-8080-exec-8] Securing GET /api/agents/3
2024-08-12 09:27:21,295 WARN o.s.w.s.m.s.DefaultHandlerExceptionResolver [http-nio-8080-exec-7] Ignoring exception, response committed already: org.springframework.http.converter.HttpMessageNotWritableException: Could not write JSON: Unimplemented method 'getAgentName'
2024-08-12 09:27:21,295 DEBUG o.s.s.w.a.AnonymousAuthenticationFilter [http-nio-8080-exec-5] Set SecurityContextHolder to anonymous SecurityContext
2024-08-12 09:27:21,295 DEBUG o.s.s.w.a.AnonymousAuthenticationFilter [http-nio-8080-exec-9] Set SecurityContextHolder to anonymous SecurityContext
2024-08-12 09:27:21,295 DEBUG o.s.s.w.a.AnonymousAuthenticationFilter [http-nio-8080-exec-8] Set SecurityContextHolder to anonymous SecurityContext
2024-08-12 09:27:21,295 DEBUG o.s.s.w.FilterChainProxy [http-nio-8080-exec-5] Secured GET /api/agents/3
2024-08-12 09:27:21,295 DEBUG o.s.s.w.FilterChainProxy [http-nio-8080-exec-9] Secured GET /api/agents/3
2024-08-12 09:27:21,295 WARN o.s.w.s.h.AbstractHandlerExceptionResolver [http-nio-8080-exec-7] Resolved [org.springframework.http.converter.HttpMessageNotWritableException: Could not write JSON: Unimplemented method 'getAgentName']
2024-08-12 09:27:21,299 DEBUG o.s.s.w.FilterChainProxy [http-nio-8080-exec-8] Secured GET /api/agents/3
2024-08-12 09:27:21,525 WARN o.s.w.s.m.s.DefaultHandlerExceptionResolver [http-nio-8080-exec-5] Ignoring exception, response committed already: org.springframework.http.converter.HttpMessageNotWritableException: Could not write JSON: Unimplemented method 'getAgentName'
2024-08-12 09:27:21,527 WARN o.s.w.s.m.s.DefaultHandlerExceptionResolver [http-nio-8080-exec-8] Ignoring exception, response committed already: org.springframework.http.converter.HttpMessageNotWritableException: Could not write JSON: Unimplemented method 'getAgentName'
2024-08-12 09:27:21,527 WARN o.s.w.s.h.AbstractHandlerExceptionResolver [http-nio-8080-exec-5] Resolved [org.springframework.http.converter.HttpMessageNotWritableException: Could not write JSON: Unimplemented method 'getAgentName']
2024-08-12 09:27:21,529 WARN o.s.w.s.h.AbstractHandlerExceptionResolver [http-nio-8080-exec-8] Resolved [org.springframework.http.converter.HttpMessageNotWritableException: Could not write JSON: Unimplemented method 'getAgentName']
2024-08-12 09:27:21,531 WARN o.s.w.s.m.s.DefaultHandlerExceptionResolver [http-nio-8080-exec-9] Ignoring exception, response committed already: org.springframework.http.converter.HttpMessageNotWritableException: Could not write JSON: Unimplemented method 'getAgentName'
2024-08-12 09:27:21,536 WARN o.s.w.s.h.AbstractHandlerExceptionResolver [http-nio-8080-exec-9] Resolved [org.springframework.http.converter.HttpMessageNotWritableException: Could not write JSON: Unimplemented method 'getAgentName']
2024-08-12 09:27:21,538 DEBUG o.s.s.w.FilterChainProxy [http-nio-8080-exec-10] Securing POST /api/favorites
2024-08-12 09:27:21,542 DEBUG o.s.s.w.a.AnonymousAuthenticationFilter [http-nio-8080-exec-10] Set SecurityContextHolder to anonymous SecurityContext
2024-08-12 09:27:21,546 DEBUG o.s.s.w.FilterChainProxy [http-nio-8080-exec-10] Secured POST /api/favorites
2024-08-12 09:27:21,546 DEBUG o.s.s.w.FilterChainProxy [http-nio-8080-exec-3] Securing POST /api/favorites
2024-08-12 09:27:21,551 DEBUG o.s.s.w.a.AnonymousAuthenticationFilter [http-nio-8080-exec-3] Set SecurityContextHolder to anonymous SecurityContext
2024-08-12 09:27:21,558 DEBUG o.s.s.w.FilterChainProxy [http-nio-8080-exec-3] Secured POST /api/favorites
2024-08-12 09:27:21,574 WARN o.s.w.s.h.AbstractHandlerExceptionResolver [http-nio-8080-exec-10] Resolved [org.springframework.web.bind.MissingServletRequestParameterException: Required request parameter 'userId' for method parameter type Long is not present]
2024-08-12 09:27:21,574 WARN o.s.w.s.h.AbstractHandlerExceptionResolver [http-nio-8080-exec-3] Resolved [org.springframework.web.bind.MissingServletRequestParameterException: Required request parameter 'userId' for method parameter type Long is not present]
2024-08-12 09:27:21,590 DEBUG o.s.s.w.FilterChainProxy [http-nio-8080-exec-3] Securing POST /error
2024-08-12 09:27:21,590 DEBUG o.s.s.w.FilterChainProxy [http-nio-8080-exec-10] Securing POST /error
2024-08-12 09:27:21,590 DEBUG o.s.s.w.a.AnonymousAuthenticationFilter [http-nio-8080-exec-10] Set SecurityContextHolder to anonymous SecurityContext
2024-08-12 09:27:21,590 DEBUG o.s.s.w.a.AnonymousAuthenticationFilter [http-nio-8080-exec-3] Set SecurityContextHolder to anonymous SecurityContext
2024-08-12 09:27:21,598 DEBUG o.s.s.w.a.Http403ForbiddenEntryPoint [http-nio-8080-exec-10] Pre-authenticated entry point called. Rejecting access
2024-08-12 09:27:21,598 DEBUG o.s.s.w.a.Http403ForbiddenEntryPoint [http-nio-8080-exec-3] Pre-authenticated entry point called. Rejecting access
2024-08-12 09:27:24,879 DEBUG o.s.s.w.FilterChainProxy [http-nio-8080-exec-2] Securing POST /api/favorites?userId=2&propertyId=5
2024-08-12 09:27:24,879 DEBUG o.s.s.w.a.AnonymousAuthenticationFilter [http-nio-8080-exec-2] Set SecurityContextHolder to anonymous SecurityContext
2024-08-12 09:27:24,882 DEBUG o.s.s.w.FilterChainProxy [http-nio-8080-exec-2] Secured POST /api/favorites?userId=2&propertyId=5
2024-08-12 09:27:39,238 DEBUG o.s.s.w.FilterChainProxy [http-nio-8080-exec-7] Securing GET /api/properties/coimbatore
2024-08-12 09:27:39,242 DEBUG o.s.s.w.a.AnonymousAuthenticationFilter [http-nio-8080-exec-7] Set SecurityContextHolder to anonymous SecurityContext
2024-08-12 09:27:39,242 DEBUG o.s.s.w.FilterChainProxy [http-nio-8080-exec-7] Secured GET /api/properties/coimbatore
2024-08-12 09:27:39,315 DEBUG o.s.s.w.FilterChainProxy [http-nio-8080-exec-5] Securing GET /api/properties/coimbatore
2024-08-12 09:27:39,315 DEBUG o.s.s.w.a.AnonymousAuthenticationFilter [http-nio-8080-exec-5] Set SecurityContextHolder to anonymous SecurityContext
2024-08-12 09:27:39,323 DEBUG o.s.s.w.FilterChainProxy [http-nio-8080-exec-5] Secured GET /api/properties/coimbatore
2024-08-12 09:27:39,387 DEBUG o.s.s.w.FilterChainProxy [http-nio-8080-exec-8] Securing GET /api/agents/3
2024-08-12 09:27:39,397 DEBUG o.s.s.w.FilterChainProxy [http-nio-8080-exec-9] Securing GET /api/agents/3
2024-08-12 09:27:39,397 DEBUG o.s.s.w.a.AnonymousAuthenticationFilter [http-nio-8080-exec-8] Set SecurityContextHolder to anonymous SecurityContext
2024-08-12 09:27:39,397 DEBUG o.s.s.w.FilterChainProxy [http-nio-8080-exec-8] Secured GET /api/agents/3
2024-08-12 09:27:39,397 DEBUG o.s.s.w.a.AnonymousAuthenticationFilter [http-nio-8080-exec-9] Set SecurityContextHolder to anonymous SecurityContext
2024-08-12 09:27:39,401 DEBUG o.s.s.w.FilterChainProxy [http-nio-8080-exec-9] Secured GET /api/agents/3
2024-08-12 09:27:39,524 DEBUG o.s.s.w.FilterChainProxy [http-nio-8080-exec-10] Securing GET /api/agents/3
2024-08-12 09:27:39,525 DEBUG o.s.s.w.FilterChainProxy [http-nio-8080-exec-3] Securing GET /api/agents/3
2024-08-12 09:27:39,525 DEBUG o.s.s.w.a.AnonymousAuthenticationFilter [http-nio-8080-exec-10] Set SecurityContextHolder to anonymous SecurityContext
2024-08-12 09:27:39,525 WARN o.s.w.s.m.s.DefaultHandlerExceptionResolver [http-nio-8080-exec-8] Ignoring exception, response committed already: org.springframework.http.converter.HttpMessageNotWritableException: Could not write JSON: Unimplemented method 'getAgentName'
2024-08-12 09:27:39,525 WARN o.s.w.s.m.s.DefaultHandlerExceptionResolver [http-nio-8080-exec-9] Ignoring exception, response committed already: org.springframework.http.converter.HttpMessageNotWritableException: Could not write JSON: Unimplemented method 'getAgentName'
2024-08-12 09:27:39,525 DEBUG o.s.s.w.FilterChainProxy [http-nio-8080-exec-10] Secured GET /api/agents/3
2024-08-12 09:27:39,531 WARN o.s.w.s.h.AbstractHandlerExceptionResolver [http-nio-8080-exec-8] Resolved [org.springframework.http.converter.HttpMessageNotWritableException: Could not write JSON: Unimplemented method 'getAgentName']
2024-08-12 09:27:39,531 DEBUG o.s.s.w.a.AnonymousAuthenticationFilter [http-nio-8080-exec-3] Set SecurityContextHolder to anonymous SecurityContext
2024-08-12 09:27:39,531 WARN o.s.w.s.h.AbstractHandlerExceptionResolver [http-nio-8080-exec-9] Resolved [org.springframework.http.converter.HttpMessageNotWritableException: Could not write JSON: Unimplemented method 'getAgentName']
2024-08-12 09:27:39,536 DEBUG o.s.s.w.FilterChainProxy [http-nio-8080-exec-3] Secured GET /api/agents/3
2024-08-12 09:27:39,540 DEBUG o.s.s.w.FilterChainProxy [http-nio-8080-exec-2] Securing POST /api/favorites
2024-08-12 09:27:39,546 DEBUG o.s.s.w.a.AnonymousAuthenticationFilter [http-nio-8080-exec-2] Set SecurityContextHolder to anonymous SecurityContext
2024-08-12 09:27:39,548 DEBUG o.s.s.w.FilterChainProxy [http-nio-8080-exec-2] Secured POST /api/favorites
2024-08-12 09:27:39,557 WARN o.s.w.s.h.AbstractHandlerExceptionResolver [http-nio-8080-exec-2] Resolved [org.springframework.web.bind.MissingServletRequestParameterException: Required request parameter 'userId' for method parameter type Long is not present]
2024-08-12 09:27:39,558 DEBUG o.s.s.w.FilterChainProxy [http-nio-8080-exec-2] Securing POST /error
2024-08-12 09:27:39,565 DEBUG o.s.s.w.a.AnonymousAuthenticationFilter [http-nio-8080-exec-2] Set SecurityContextHolder to anonymous SecurityContext
2024-08-12 09:27:39,568 DEBUG o.s.s.w.a.Http403ForbiddenEntryPoint [http-nio-8080-exec-2] Pre-authenticated entry point called. Rejecting access
2024-08-12 09:27:39,682 WARN o.s.w.s.m.s.DefaultHandlerExceptionResolver [http-nio-8080-exec-3] Ignoring exception, response committed already: org.springframework.http.converter.HttpMessageNotWritableException: Could not write JSON: Unimplemented method 'getAgentName'
2024-08-12 09:27:39,682 WARN o.s.w.s.h.AbstractHandlerExceptionResolver [http-nio-8080-exec-3] Resolved [org.springframework.http.converter.HttpMessageNotWritableException: Could not write JSON: Unimplemented method 'getAgentName']
2024-08-12 09:27:39,695 WARN o.s.w.s.m.s.DefaultHandlerExceptionResolver [http-nio-8080-exec-10] Ignoring exception, response committed already: org.springframework.http.converter.HttpMessageNotWritableException: Could not write JSON: Unimplemented method 'getAgentName'
2024-08-12 09:27:39,696 WARN o.s.w.s.h.AbstractHandlerExceptionResolver [http-nio-8080-exec-10] Resolved [org.springframework.http.converter.HttpMessageNotWritableException: Could not write JSON: Unimplemented method 'getAgentName']
2024-08-12 09:27:39,917 DEBUG o.s.s.w.FilterChainProxy [http-nio-8080-exec-5] Securing POST /api/favorites
2024-08-12 09:27:39,923 DEBUG o.s.s.w.a.AnonymousAuthenticationFilter [http-nio-8080-exec-5] Set SecurityContextHolder to anonymous SecurityContext
2024-08-12 09:27:39,926 DEBUG o.s.s.w.FilterChainProxy [http-nio-8080-exec-5] Secured POST /api/favorites
2024-08-12 09:27:39,931 WARN o.s.w.s.h.AbstractHandlerExceptionResolver [http-nio-8080-exec-5] Resolved [org.springframework.web.bind.MissingServletRequestParameterException: Required request parameter 'userId' for method parameter type Long is not present]
2024-08-12 09:27:39,931 DEBUG o.s.s.w.FilterChainProxy [http-nio-8080-exec-5] Securing POST /error
2024-08-12 09:27:39,935 DEBUG o.s.s.w.a.AnonymousAuthenticationFilter [http-nio-8080-exec-5] Set SecurityContextHolder to anonymous SecurityContext
2024-08-12 09:27:39,938 DEBUG o.s.s.w.a.Http403ForbiddenEntryPoint [http-nio-8080-exec-5] Pre-authenticated entry point called. Rejecting access
2024-08-12 09:27:43,867 DEBUG o.s.s.w.FilterChainProxy [http-nio-8080-exec-9] Securing POST /api/favorites?userId=2&propertyId=3
2024-08-12 09:27:43,867 DEBUG o.s.s.w.a.AnonymousAuthenticationFilter [http-nio-8080-exec-9] Set SecurityContextHolder to anonymous SecurityContext
2024-08-12 09:27:43,870 DEBUG o.s.s.w.FilterChainProxy [http-nio-8080-exec-9] Secured POST /api/favorites?userId=2&propertyId=3
2024-08-12 09:28:01,252 DEBUG o.s.s.w.FilterChainProxy [http-nio-8080-exec-8] Securing GET /api/favorites/2
2024-08-12 09:28:01,252 DEBUG o.s.s.w.a.AnonymousAuthenticationFilter [http-nio-8080-exec-8] Set SecurityContextHolder to anonymous SecurityContext
2024-08-12 09:28:01,258 DEBUG o.s.s.w.FilterChainProxy [http-nio-8080-exec-8] Secured GET /api/favorites/2
2024-08-12 09:28:01,380 DEBUG o.s.s.w.FilterChainProxy [http-nio-8080-exec-2] Securing GET /api/favorites/2
2024-08-12 09:28:01,383 DEBUG o.s.s.w.a.AnonymousAuthenticationFilter [http-nio-8080-exec-2] Set SecurityContextHolder to anonymous SecurityContext
2024-08-12 09:28:01,383 DEBUG o.s.s.w.FilterChainProxy [http-nio-8080-exec-3] Securing GET /api/properties/details/5
2024-08-12 09:28:01,385 DEBUG o.s.s.w.FilterChainProxy [http-nio-8080-exec-2] Secured GET /api/favorites/2
2024-08-12 09:28:01,385 DEBUG o.s.s.w.FilterChainProxy [http-nio-8080-exec-10] Securing GET /api/properties/details/3
2024-08-12 09:28:01,386 DEBUG o.s.s.w.a.AnonymousAuthenticationFilter [http-nio-8080-exec-3] Set SecurityContextHolder to anonymous SecurityContext
2024-08-12 09:28:01,387 DEBUG o.s.s.w.FilterChainProxy [http-nio-8080-exec-3] Secured GET /api/properties/details/5
2024-08-12 09:28:01,387 DEBUG o.s.s.w.a.AnonymousAuthenticationFilter [http-nio-8080-exec-10] Set SecurityContextHolder to anonymous SecurityContext
2024-08-12 09:28:01,391 DEBUG o.s.s.w.FilterChainProxy [http-nio-8080-exec-10] Secured GET /api/properties/details/3
2024-08-12 09:28:01,515 DEBUG o.s.s.w.FilterChainProxy [http-nio-8080-exec-1] Securing GET /api/properties/details/5
2024-08-12 09:28:01,515 DEBUG o.s.s.w.FilterChainProxy [http-nio-8080-exec-6] Securing GET /api/properties/details/3
2024-08-12 09:28:01,518 DEBUG o.s.s.w.a.AnonymousAuthenticationFilter [http-nio-8080-exec-1] Set SecurityContextHolder to anonymous SecurityContext
2024-08-12 09:28:01,518 DEBUG o.s.s.w.a.AnonymousAuthenticationFilter [http-nio-8080-exec-6] Set SecurityContextHolder to anonymous SecurityContext
2024-08-12 09:28:01,518 DEBUG o.s.s.w.FilterChainProxy [http-nio-8080-exec-1] Secured GET /api/properties/details/5
2024-08-12 09:28:01,518 DEBUG o.s.s.w.FilterChainProxy [http-nio-8080-exec-6] Secured GET /api/properties/details/3
2024-08-12 09:28:03,390 DEBUG o.s.s.w.FilterChainProxy [http-nio-8080-exec-7] Securing OPTIONS /api/favorites?userId=2&propertyId=5
2024-08-12 09:28:03,398 DEBUG o.s.s.w.FilterChainProxy [http-nio-8080-exec-4] Securing DELETE /api/favorites?userId=2&propertyId=5
2024-08-12 09:28:03,400 DEBUG o.s.s.w.a.AnonymousAuthenticationFilter [http-nio-8080-exec-4] Set SecurityContextHolder to anonymous SecurityContext
2024-08-12 09:28:03,402 DEBUG o.s.s.w.FilterChainProxy [http-nio-8080-exec-4] Secured DELETE /api/favorites?userId=2&propertyId=5
2024-08-12 09:28:08,099 DEBUG o.s.s.w.FilterChainProxy [http-nio-8080-exec-5] Securing OPTIONS /api/favorites?userId=2&propertyId=3
2024-08-12 09:28:08,102 DEBUG o.s.s.w.FilterChainProxy [http-nio-8080-exec-9] Securing DELETE /api/favorites?userId=2&propertyId=3
2024-08-12 09:28:08,105 DEBUG o.s.s.w.a.AnonymousAuthenticationFilter [http-nio-8080-exec-9] Set SecurityContextHolder to anonymous SecurityContext
2024-08-12 09:28:08,108 DEBUG o.s.s.w.FilterChainProxy [http-nio-8080-exec-9] Secured DELETE /api/favorites?userId=2&propertyId=3
2024-08-12 09:28:25,715 DEBUG o.s.s.w.FilterChainProxy [http-nio-8080-exec-2] Securing OPTIONS /api/auth/login
2024-08-12 09:28:25,725 DEBUG o.s.s.w.FilterChainProxy [http-nio-8080-exec-1] Securing POST /api/auth/login
2024-08-12 09:28:25,732 DEBUG o.s.s.w.a.AnonymousAuthenticationFilter [http-nio-8080-exec-1] Set SecurityContextHolder to anonymous SecurityContext
2024-08-12 09:28:25,732 DEBUG o.s.s.w.FilterChainProxy [http-nio-8080-exec-1] Secured POST /api/auth/login
2024-08-12 09:28:25,855 DEBUG o.s.s.a.d.AbstractUserDetailsAuthenticationProvider [http-nio-8080-exec-1] Authenticated user
2024-08-12 09:28:32,383 DEBUG o.s.s.w.FilterChainProxy [http-nio-8080-exec-4] Securing GET /api/properties/coimbatore
2024-08-12 09:28:32,383 DEBUG o.s.s.w.FilterChainProxy [http-nio-8080-exec-7] Securing GET /api/properties/coimbatore
2024-08-12 09:28:32,388 DEBUG o.s.s.w.a.AnonymousAuthenticationFilter [http-nio-8080-exec-4] Set SecurityContextHolder to anonymous SecurityContext
2024-08-12 09:28:32,390 DEBUG o.s.s.w.a.AnonymousAuthenticationFilter [http-nio-8080-exec-7] Set SecurityContextHolder to anonymous SecurityContext
2024-08-12 09:28:32,391 DEBUG o.s.s.w.FilterChainProxy [http-nio-8080-exec-4] Secured GET /api/properties/coimbatore
2024-08-12 09:28:32,392 DEBUG o.s.s.w.FilterChainProxy [http-nio-8080-exec-7] Secured GET /api/properties/coimbatore
2024-08-12 09:28:32,583 DEBUG o.s.s.w.FilterChainProxy [http-nio-8080-exec-5] Securing GET /api/agents/3
2024-08-12 09:28:32,583 DEBUG o.s.s.w.FilterChainProxy [http-nio-8080-exec-9] Securing GET /api/agents/3
2024-08-12 09:28:32,588 DEBUG o.s.s.w.a.AnonymousAuthenticationFilter [http-nio-8080-exec-9] Set SecurityContextHolder to anonymous SecurityContext
2024-08-12 09:28:32,588 DEBUG o.s.s.w.a.AnonymousAuthenticationFilter [http-nio-8080-exec-5] Set SecurityContextHolder to anonymous SecurityContext
2024-08-12 09:28:32,588 DEBUG o.s.s.w.FilterChainProxy [http-nio-8080-exec-5] Secured GET /api/agents/3
2024-08-12 09:28:32,588 DEBUG o.s.s.w.FilterChainProxy [http-nio-8080-exec-9] Secured GET /api/agents/3
2024-08-12 09:28:32,639 DEBUG o.s.s.w.FilterChainProxy [http-nio-8080-exec-8] Securing GET /api/agents/3
2024-08-12 09:28:32,643 DEBUG o.s.s.w.FilterChainProxy [http-nio-8080-exec-10] Securing GET /api/agents/3
2024-08-12 09:28:32,648 DEBUG o.s.s.w.a.AnonymousAuthenticationFilter [http-nio-8080-exec-8] Set SecurityContextHolder to anonymous SecurityContext
2024-08-12 09:28:32,649 DEBUG o.s.s.w.a.AnonymousAuthenticationFilter [http-nio-8080-exec-10] Set SecurityContextHolder to anonymous SecurityContext
2024-08-12 09:28:32,649 DEBUG o.s.s.w.FilterChainProxy [http-nio-8080-exec-8] Secured GET /api/agents/3
2024-08-12 09:28:32,649 DEBUG o.s.s.w.FilterChainProxy [http-nio-8080-exec-10] Secured GET /api/agents/3
2024-08-12 09:28:32,681 WARN o.s.w.s.m.s.DefaultHandlerExceptionResolver [http-nio-8080-exec-9] Ignoring exception, response committed already: org.springframework.http.converter.HttpMessageNotWritableException: Could not write JSON: Unimplemented method 'getAgentName'
2024-08-12 09:28:32,681 WARN o.s.w.s.h.AbstractHandlerExceptionResolver [http-nio-8080-exec-9] Resolved [org.springframework.http.converter.HttpMessageNotWritableException: Could not write JSON: Unimplemented method 'getAgentName']
2024-08-12 09:28:32,681 WARN o.s.w.s.m.s.DefaultHandlerExceptionResolver [http-nio-8080-exec-5] Ignoring exception, response committed already: org.springframework.http.converter.HttpMessageNotWritableException: Could not write JSON: Unimplemented method 'getAgentName'
2024-08-12 09:28:32,690 WARN o.s.w.s.h.AbstractHandlerExceptionResolver [http-nio-8080-exec-5] Resolved [org.springframework.http.converter.HttpMessageNotWritableException: Could not write JSON: Unimplemented method 'getAgentName']
2024-08-12 09:28:32,715 DEBUG o.s.s.w.FilterChainProxy [http-nio-8080-exec-3] Securing POST /api/favorites
2024-08-12 09:28:32,715 DEBUG o.s.s.w.a.AnonymousAuthenticationFilter [http-nio-8080-exec-3] Set SecurityContextHolder to anonymous SecurityContext
2024-08-12 09:28:32,722 DEBUG o.s.s.w.FilterChainProxy [http-nio-8080-exec-3] Secured POST /api/favorites
2024-08-12 09:28:32,729 WARN o.s.w.s.h.AbstractHandlerExceptionResolver [http-nio-8080-exec-3] Resolved [org.springframework.web.bind.MissingServletRequestParameterException: Required request parameter 'userId' for method parameter type Long is not present]
2024-08-12 09:28:32,732 DEBUG o.s.s.w.FilterChainProxy [http-nio-8080-exec-3] Securing POST /error
2024-08-12 09:28:32,732 DEBUG o.s.s.w.a.AnonymousAuthenticationFilter [http-nio-8080-exec-3] Set SecurityContextHolder to anonymous SecurityContext
2024-08-12 09:28:32,737 DEBUG o.s.s.w.a.Http403ForbiddenEntryPoint [http-nio-8080-exec-3] Pre-authenticated entry point called. Rejecting access
2024-08-12 09:28:32,743 WARN o.s.w.s.m.s.DefaultHandlerExceptionResolver [http-nio-8080-exec-8] Ignoring exception, response committed already: org.springframework.http.converter.HttpMessageNotWritableException: Could not write JSON: Unimplemented method 'getAgentName'
2024-08-12 09:28:32,747 WARN o.s.w.s.h.AbstractHandlerExceptionResolver [http-nio-8080-exec-8] Resolved [org.springframework.http.converter.HttpMessageNotWritableException: Could not write JSON: Unimplemented method 'getAgentName']
2024-08-12 09:28:32,929 WARN o.s.w.s.m.s.DefaultHandlerExceptionResolver [http-nio-8080-exec-10] Ignoring exception, response committed already: org.springframework.http.converter.HttpMessageNotWritableException: Could not write JSON: Unimplemented method 'getAgentName'
2024-08-12 09:28:32,929 WARN o.s.w.s.h.AbstractHandlerExceptionResolver [http-nio-8080-exec-10] Resolved [org.springframework.http.converter.HttpMessageNotWritableException: Could not write JSON: Unimplemented method 'getAgentName']
2024-08-12 09:28:33,161 DEBUG o.s.s.w.FilterChainProxy [http-nio-8080-exec-2] Securing POST /api/favorites
2024-08-12 09:28:33,164 DEBUG o.s.s.w.a.AnonymousAuthenticationFilter [http-nio-8080-exec-2] Set SecurityContextHolder to anonymous SecurityContext
2024-08-12 09:28:33,170 DEBUG o.s.s.w.FilterChainProxy [http-nio-8080-exec-2] Secured POST /api/favorites
2024-08-12 09:28:33,176 WARN o.s.w.s.h.AbstractHandlerExceptionResolver [http-nio-8080-exec-2] Resolved [org.springframework.web.bind.MissingServletRequestParameterException: Required request parameter 'userId' for method parameter type Long is not present]
2024-08-12 09:28:33,180 DEBUG o.s.s.w.FilterChainProxy [http-nio-8080-exec-2] Securing POST /error
2024-08-12 09:28:33,185 DEBUG o.s.s.w.a.AnonymousAuthenticationFilter [http-nio-8080-exec-2] Set SecurityContextHolder to anonymous SecurityContext
2024-08-12 09:28:33,185 DEBUG o.s.s.w.a.Http403ForbiddenEntryPoint [http-nio-8080-exec-2] Pre-authenticated entry point called. Rejecting access
2024-08-12 09:28:38,030 DEBUG o.s.s.w.FilterChainProxy [http-nio-8080-exec-1] Securing POST /api/favorites?userId=2&propertyId=3
2024-08-12 09:28:38,030 DEBUG o.s.s.w.a.AnonymousAuthenticationFilter [http-nio-8080-exec-1] Set SecurityContextHolder to anonymous SecurityContext
2024-08-12 09:28:38,030 DEBUG o.s.s.w.FilterChainProxy [http-nio-8080-exec-1] Secured POST /api/favorites?userId=2&propertyId=3
2024-08-12 09:53:51,779 DEBUG o.s.s.w.FilterChainProxy [http-nio-8080-exec-5] Securing OPTIONS /api/auth/login
2024-08-12 09:53:51,917 DEBUG o.s.s.w.FilterChainProxy [http-nio-8080-exec-5] Securing POST /api/auth/login
2024-08-12 09:53:51,936 DEBUG o.s.s.w.a.AnonymousAuthenticationFilter [http-nio-8080-exec-5] Set SecurityContextHolder to anonymous SecurityContext
2024-08-12 09:53:51,942 DEBUG o.s.s.w.FilterChainProxy [http-nio-8080-exec-5] Secured POST /api/auth/login
2024-08-12 09:53:52,394 DEBUG o.s.s.a.d.AbstractUserDetailsAuthenticationProvider [http-nio-8080-exec-5] Authenticated user
2024-08-12 09:54:05,012 DEBUG o.s.s.w.FilterChainProxy [http-nio-8080-exec-3] Securing OPTIONS /api/auth/users
2024-08-12 09:54:05,015 DEBUG o.s.s.w.FilterChainProxy [http-nio-8080-exec-8] Securing OPTIONS /api/auth/users
2024-08-12 09:54:05,021 DEBUG o.s.s.w.FilterChainProxy [http-nio-8080-exec-10] Securing GET /api/auth/users
2024-08-12 09:54:05,454 DEBUG o.s.s.w.a.AnonymousAuthenticationFilter [http-nio-8080-exec-10] Set SecurityContextHolder to anonymous SecurityContext
2024-08-12 09:54:05,454 DEBUG o.s.s.w.FilterChainProxy [http-nio-8080-exec-10] Secured GET /api/auth/users
2024-08-12 09:54:05,588 DEBUG o.s.s.w.FilterChainProxy [http-nio-8080-exec-2] Securing GET /api/auth/users
2024-08-12 09:54:05,599 DEBUG o.s.s.w.a.AnonymousAuthenticationFilter [http-nio-8080-exec-2] Set SecurityContextHolder to anonymous SecurityContext
2024-08-12 09:54:05,599 DEBUG o.s.s.w.FilterChainProxy [http-nio-8080-exec-2] Secured GET /api/auth/users
2024-08-12 09:54:07,306 DEBUG o.s.s.w.FilterChainProxy [http-nio-8080-exec-9] Securing OPTIONS /api/agents/all
2024-08-12 09:54:07,306 DEBUG o.s.s.w.FilterChainProxy [http-nio-8080-exec-6] Securing OPTIONS /api/agents/all
2024-08-12 09:54:07,323 DEBUG o.s.s.w.FilterChainProxy [http-nio-8080-exec-7] Securing GET /api/agents/all
2024-08-12 09:54:07,331 DEBUG o.s.s.w.a.AnonymousAuthenticationFilter [http-nio-8080-exec-7] Set SecurityContextHolder to anonymous SecurityContext
2024-08-12 09:54:07,339 DEBUG o.s.s.w.FilterChainProxy [http-nio-8080-exec-7] Secured GET /api/agents/all
2024-08-12 09:54:07,752 WARN o.s.w.s.m.s.DefaultHandlerExceptionResolver [http-nio-8080-exec-7] Ignoring exception, response committed already: org.springframework.http.converter.HttpMessageNotWritableException: Could not write JSON: Unimplemented method 'getAgentName'
2024-08-12 09:54:07,754 DEBUG o.s.s.w.FilterChainProxy [http-nio-8080-exec-5] Securing GET /api/agents/all
2024-08-12 09:54:07,754 WARN o.s.w.s.h.AbstractHandlerExceptionResolver [http-nio-8080-exec-7] Resolved [org.springframework.http.converter.HttpMessageNotWritableException: Could not write JSON: Unimplemented method 'getAgentName']
2024-08-12 09:54:07,760 DEBUG o.s.s.w.a.AnonymousAuthenticationFilter [http-nio-8080-exec-5] Set SecurityContextHolder to anonymous SecurityContext
2024-08-12 09:54:07,762 DEBUG o.s.s.w.FilterChainProxy [http-nio-8080-exec-5] Secured GET /api/agents/all
2024-08-12 09:54:07,964 WARN o.s.w.s.m.s.DefaultHandlerExceptionResolver [http-nio-8080-exec-5] Ignoring exception, response committed already: org.springframework.http.converter.HttpMessageNotWritableException: Could not write JSON: Unimplemented method 'getAgentName'
2024-08-12 09:54:07,964 WARN o.s.w.s.h.AbstractHandlerExceptionResolver [http-nio-8080-exec-5] Resolved [org.springframework.http.converter.HttpMessageNotWritableException: Could not write JSON: Unimplemented method 'getAgentName']
2024-08-12 09:54:09,950 DEBUG o.s.s.w.FilterChainProxy [http-nio-8080-exec-3] Securing GET /api/properties/all
2024-08-12 09:54:09,953 DEBUG o.s.s.w.a.AnonymousAuthenticationFilter [http-nio-8080-exec-3] Set SecurityContextHolder to anonymous SecurityContext
2024-08-12 09:54:09,955 DEBUG o.s.s.w.FilterChainProxy [http-nio-8080-exec-3] Secured GET /api/properties/all
2024-08-12 09:54:09,996 DEBUG o.s.s.w.FilterChainProxy [http-nio-8080-exec-8] Securing GET /api/properties/all
2024-08-12 09:54:09,996 DEBUG o.s.s.w.a.AnonymousAuthenticationFilter [http-nio-8080-exec-8] Set SecurityContextHolder to anonymous SecurityContext
2024-08-12 09:54:10,004 DEBUG o.s.s.w.FilterChainProxy [http-nio-8080-exec-8] Secured GET /api/properties/all
